TN:
SF:/Users/timmushen/Sites/Sinatra/vystem/portfolio-portal/components/ldb/Alert.vue
FN:58,(anonymous_1)
FN:64,(anonymous_2)
FNF:2
FNH:0
FNDA:0,(anonymous_1)
FNDA:0,(anonymous_2)
DA:34,0
DA:59,0
DA:65,0
LF:3
LH:0
BRF:0
BRH:0
end_of_record
TN:
SF:/Users/timmushen/Sites/Sinatra/vystem/portfolio-portal/components/ldb/Button.vue
FN:70,(anonymous_1)
FNF:1
FNH:0
FNDA:0,(anonymous_1)
DA:71,0
LF:1
LH:0
BRF:0
BRH:0
end_of_record
TN:
SF:/Users/timmushen/Sites/Sinatra/vystem/portfolio-portal/components/ldb/Dropdown.vue
FN:38,(anonymous_1)
FN:44,(anonymous_2)
FN:48,(anonymous_3)
FNF:3
FNH:0
FNDA:0,(anonymous_1)
FNDA:0,(anonymous_2)
FNDA:0,(anonymous_3)
DA:39,0
DA:45,0
DA:46,0
DA:49,0
DA:50,0
LF:5
LH:0
BRF:0
BRH:0
end_of_record
TN:
SF:/Users/timmushen/Sites/Sinatra/vystem/portfolio-portal/components/ldb/Pagination.vue
FN:25,(anonymous_1)
FN:47,(anonymous_2)
FN:50,(anonymous_3)
FN:57,(anonymous_4)
FN:63,(anonymous_5)
FN:75,(anonymous_6)
FN:89,(anonymous_7)
FN:95,(anonymous_8)
FN:102,(anonymous_9)
FN:105,(anonymous_10)
FN:110,(anonymous_11)
FN:117,(anonymous_12)
FN:120,(anonymous_13)
FNF:13
FNH:0
FNDA:0,(anonymous_1)
FNDA:0,(anonymous_2)
FNDA:0,(anonymous_3)
FNDA:0,(anonymous_4)
FNDA:0,(anonymous_5)
FNDA:0,(anonymous_6)
FNDA:0,(anonymous_7)
FNDA:0,(anonymous_8)
FNDA:0,(anonymous_9)
FNDA:0,(anonymous_10)
FNDA:0,(anonymous_11)
FNDA:0,(anonymous_12)
FNDA:0,(anonymous_13)
DA:26,0
DA:48,0
DA:51,0
DA:52,0
DA:53,0
DA:55,0
DA:58,0
DA:59,0
DA:61,0
DA:64,0
DA:65,0
DA:66,0
DA:67,0
DA:68,0
DA:70,0
DA:72,0
DA:76,0
DA:77,0
DA:78,0
DA:79,0
DA:80,0
DA:82,0
DA:85,0
DA:90,0
DA:96,0
DA:97,0
DA:98,0
DA:100,0
DA:103,0
DA:106,0
DA:107,0
DA:111,0
DA:112,0
DA:118,0
DA:121,0
LF:35
LH:0
BRDA:51,0,0,0
BRDA:51,0,1,0
BRDA:52,1,0,0
BRDA:52,1,1,0
BRDA:58,2,0,0
BRDA:58,2,1,0
BRDA:58,3,0,0
BRDA:58,3,1,0
BRDA:64,4,0,0
BRDA:64,4,1,0
BRDA:67,5,0,0
BRDA:67,5,1,0
BRDA:76,6,0,0
BRDA:76,6,1,0
BRDA:79,7,0,0
BRDA:79,7,1,0
BRDA:106,8,0,0
BRDA:106,8,1,0
BRDA:111,9,0,0
BRDA:111,9,1,0
BRF:20
BRH:0
end_of_record
TN:
SF:/Users/timmushen/Sites/Sinatra/vystem/portfolio-portal/components/ldb/Progress.vue
FN:45,(anonymous_1)
FN:51,(anonymous_2)
FN:55,(anonymous_3)
FN:60,(anonymous_4)
FNF:4
FNH:0
FNDA:0,(anonymous_1)
FNDA:0,(anonymous_2)
FNDA:0,(anonymous_3)
FNDA:0,(anonymous_4)
DA:46,0
DA:51,0
DA:56,0
DA:61,0
LF:4
LH:0
BRDA:46,0,0,0
BRDA:46,0,1,0
BRF:2
BRH:0
end_of_record
TN:
SF:/Users/timmushen/Sites/Sinatra/vystem/portfolio-portal/components/ldb/Switch.vue
FN:28,(anonymous_1)
FN:34,(anonymous_2)
FN:44,(anonymous_3)
FN:47,(anonymous_4)
FN:53,(anonymous_5)
FNF:5
FNH:0
FNDA:0,(anonymous_1)
FNDA:0,(anonymous_2)
FNDA:0,(anonymous_3)
FNDA:0,(anonymous_4)
FNDA:0,(anonymous_5)
DA:29,0
DA:35,0
DA:36,0
DA:37,0
DA:38,0
DA:39,0
DA:41,0
DA:45,0
DA:48,0
DA:54,0
LF:10
LH:0
BRDA:36,0,0,0
BRDA:36,0,1,0
BRDA:38,1,0,0
BRDA:38,1,1,0
BRF:4
BRH:0
end_of_record
TN:
SF:/Users/timmushen/Sites/Sinatra/vystem/portfolio-portal/components/ldb/Table.vue
FN:25,(anonymous_1)
FN:28,(anonymous_2)
FNF:2
FNH:0
FNDA:0,(anonymous_1)
FNDA:0,(anonymous_2)
DA:26,0
DA:29,0
LF:2
LH:0
BRF:0
BRH:0
end_of_record
TN:
SF:/Users/timmushen/Sites/Sinatra/vystem/portfolio-portal/components/ldb/Cards/ChartCard.vue
FN:29,(anonymous_3)
FN:35,(anonymous_4)
FN:44,(anonymous_5)
FN:55,(anonymous_6)
FN:69,(anonymous_7)
FN:74,(anonymous_8)
FN:77,(anonymous_9)
FN:81,(anonymous_10)
FN:107,(anonymous_11)
FN:111,(anonymous_12)
FN:127,(anonymous_13)
FN:129,(anonymous_14)
FNF:12
FNH:0
FNDA:0,(anonymous_3)
FNDA:0,(anonymous_4)
FNDA:0,(anonymous_5)
FNDA:0,(anonymous_6)
FNDA:0,(anonymous_7)
FNDA:0,(anonymous_8)
FNDA:0,(anonymous_9)
FNDA:0,(anonymous_10)
FNDA:0,(anonymous_11)
FNDA:0,(anonymous_12)
FNDA:0,(anonymous_13)
FNDA:0,(anonymous_14)
DA:15,0
DA:30,0
DA:36,0
DA:45,0
DA:56,0
DA:57,0
DA:58,0
DA:59,0
DA:60,0
DA:62,0
DA:63,0
DA:70,0
DA:71,0
DA:72,0
DA:75,0
DA:78,0
DA:79,0
DA:80,0
DA:81,0
DA:82,0
DA:83,0
DA:92,0
DA:93,0
DA:94,0
DA:105,0
DA:108,0
DA:109,0
DA:110,0
DA:111,0
DA:112,0
DA:113,0
DA:114,0
DA:128,0
DA:129,0
DA:130,0
DA:131,0
LF:36
LH:0
BRDA:59,0,0,0
BRDA:59,0,1,0
BRDA:62,1,0,0
BRDA:62,1,1,0
BRDA:82,2,0,0
BRDA:82,2,1,0
BRDA:82,3,0,0
BRDA:82,3,1,0
BRDA:92,4,0,0
BRDA:92,4,1,0
BRDA:112,5,0,0
BRDA:112,5,1,0
BRDA:130,6,0,0
BRDA:130,6,1,0
BRF:14
BRH:0
end_of_record
TN:
SF:/Users/timmushen/Sites/Sinatra/vystem/portfolio-portal/components/ldb/Cards/CircleChartCard.vue
FN:27,(anonymous_2)
FN:34,(anonymous_3)
FN:39,(anonymous_4)
FN:42,(anonymous_5)
FN:54,(anonymous_6)
FN:56,(anonymous_7)
FN:60,(anonymous_8)
FNF:7
FNH:0
FNDA:0,(anonymous_2)
FNDA:0,(anonymous_3)
FNDA:0,(anonymous_4)
FNDA:0,(anonymous_5)
FNDA:0,(anonymous_6)
FNDA:0,(anonymous_7)
FNDA:0,(anonymous_8)
DA:28,0
DA:35,0
DA:36,0
DA:37,0
DA:40,0
DA:44,0
DA:55,0
DA:56,0
DA:57,0
DA:61,0
DA:62,0
LF:11
LH:0
BRDA:61,0,0,0
BRDA:61,0,1,0
BRF:2
BRH:0
end_of_record
TN:
SF:/Users/timmushen/Sites/Sinatra/vystem/portfolio-portal/components/ldb/Cards/StatsCard.vue
FNF:0
FNH:0
DA:24,0
LF:1
LH:0
BRF:0
BRH:0
end_of_record
TN:
SF:/Users/timmushen/Sites/Sinatra/vystem/portfolio-portal/components/ldb/Inputs/Checkbox.vue
FN:25,(anonymous_1)
FN:32,(anonymous_2)
FN:35,(anonymous_3)
FN:39,(anonymous_4)
FN:45,(anonymous_5)
FNF:5
FNH:0
FNDA:0,(anonymous_1)
FNDA:0,(anonymous_2)
FNDA:0,(anonymous_3)
FNDA:0,(anonymous_4)
FNDA:0,(anonymous_5)
DA:26,0
DA:33,0
DA:36,0
DA:40,0
DA:41,0
DA:46,0
LF:6
LH:0
BRDA:40,0,0,0
BRDA:40,0,1,0
BRF:2
BRH:0
end_of_record
TN:
SF:/Users/timmushen/Sites/Sinatra/vystem/portfolio-portal/components/ldb/Inputs/Radio.vue
FN:25,(anonymous_1)
FN:32,(anonymous_2)
FN:35,(anonymous_3)
FN:39,(anonymous_4)
FN:46,(anonymous_5)
FNF:5
FNH:0
FNDA:0,(anonymous_1)
FNDA:0,(anonymous_2)
FNDA:0,(anonymous_3)
FNDA:0,(anonymous_4)
FNDA:0,(anonymous_5)
DA:26,0
DA:33,0
DA:36,0
DA:40,0
DA:41,0
DA:43,0
DA:47,0
LF:7
LH:0
BRDA:40,0,0,0
BRDA:40,0,1,0
BRF:2
BRH:0
end_of_record
TN:
SF:/Users/timmushen/Sites/Sinatra/vystem/portfolio-portal/components/ldb/Inputs/formGroupInput.vue
FN:59,(anonymous_1)
FN:67,(anonymous_2)
FN:75,(anonymous_3)
FN:81,(anonymous_4)
FN:88,(anonymous_5)
FN:92,(anonymous_6)
FN:98,(anonymous_7)
FNF:7
FNH:0
FNDA:0,(anonymous_1)
FNDA:0,(anonymous_2)
FNDA:0,(anonymous_3)
FNDA:0,(anonymous_4)
FNDA:0,(anonymous_5)
FNDA:0,(anonymous_6)
FNDA:0,(anonymous_7)
DA:60,0
DA:68,0
DA:76,0
DA:77,0
DA:82,0
DA:83,0
DA:84,0
DA:86,0
DA:89,0
DA:90,0
DA:93,0
DA:94,0
DA:99,0
DA:100,0
LF:14
LH:0
BRDA:77,0,0,0
BRDA:77,0,1,0
BRDA:77,0,2,0
BRDA:77,0,3,0
BRDA:83,1,0,0
BRDA:83,1,1,0
BRDA:83,2,0,0
BRDA:83,2,1,0
BRDA:99,3,0,0
BRDA:99,3,1,0
BRF:10
BRH:0
end_of_record
TN:
SF:/Users/timmushen/Sites/Sinatra/vystem/portfolio-portal/components/ldb/Layout/ContentFooter.vue
FN:10,(anonymous_1)
FNF:1
FNH:0
FNDA:0,(anonymous_1)
DA:11,0
LF:1
LH:0
BRF:0
BRH:0
end_of_record
TN:
SF:/Users/timmushen/Sites/Sinatra/vystem/portfolio-portal/components/ldb/Layout/TopNavbar.vue
FN:55,(anonymous_2)
FN:60,(anonymous_3)
FN:68,(anonymous_4)
FN:69,(anonymous_5)
FN:73,(anonymous_6)
FN:79,(anonymous_7)
FN:82,(anonymous_8)
FN:85,(anonymous_9)
FN:88,(anonymous_10)
FN:91,(anonymous_11)
FN:94,(anonymous_12)
FNF:11
FNH:0
FNDA:0,(anonymous_2)
FNDA:0,(anonymous_3)
FNDA:0,(anonymous_4)
FNDA:0,(anonymous_5)
FNDA:0,(anonymous_6)
FNDA:0,(anonymous_7)
FNDA:0,(anonymous_8)
FNDA:0,(anonymous_9)
FNDA:0,(anonymous_10)
FNDA:0,(anonymous_11)
FNDA:0,(anonymous_12)
DA:51,0
DA:56,0
DA:57,0
DA:61,0
DA:69,0
DA:72,0
DA:75,0
DA:80,0
DA:83,0
DA:86,0
DA:89,0
DA:92,0
DA:95,0
LF:13
LH:0
BRF:0
BRH:0
end_of_record
TN:
SF:/Users/timmushen/Sites/Sinatra/vystem/portfolio-portal/components/ldb/Layout/UserMenu.vue
FN:56,(anonymous_2)
FN:62,(anonymous_3)
FNF:2
FNH:0
FNDA:0,(anonymous_2)
FNDA:0,(anonymous_3)
DA:44,0
DA:57,0
DA:63,0
LF:3
LH:0
BRF:0
BRH:0
end_of_record
TN:
SF:/Users/timmushen/Sites/Sinatra/vystem/portfolio-portal/components/ldb/NotificationPlugin/Notification.vue
FN:46,(anonymous_1)
FN:63,(anonymous_2)
FN:71,(anonymous_3)
FN:79,(anonymous_4)
FN:93,(anonymous_5)
FN:99,(anonymous_6)
FN:114,(anonymous_7)
FN:120,(anonymous_8)
FN:123,(anonymous_9)
FN:126,(anonymous_10)
FN:129,(anonymous_11)
FN:150,(anonymous_12)
FN:153,(anonymous_13)
FN:162,(anonymous_14)
FNF:14
FNH:0
FNDA:0,(anonymous_1)
FNDA:0,(anonymous_2)
FNDA:0,(anonymous_3)
FNDA:0,(anonymous_4)
FNDA:0,(anonymous_5)
FNDA:0,(anonymous_6)
FNDA:0,(anonymous_7)
FNDA:0,(anonymous_8)
FNDA:0,(anonymous_9)
FNDA:0,(anonymous_10)
FNDA:0,(anonymous_11)
FNDA:0,(anonymous_12)
FNDA:0,(anonymous_13)
FNDA:0,(anonymous_14)
DA:48,0
DA:49,0
DA:50,0
DA:52,0
DA:64,0
DA:65,0
DA:72,0
DA:73,0
DA:80,0
DA:87,0
DA:94,0
DA:99,0
DA:115,0
DA:121,0
DA:124,0
DA:127,0
DA:128,0
DA:129,0
DA:130,0
DA:136,0
DA:137,0
DA:139,0
DA:140,0
DA:141,0
DA:142,0
DA:144,0
DA:146,0
DA:151,0
DA:154,0
DA:155,0
DA:157,0
DA:158,0
DA:163,0
DA:164,0
DA:165,0
LF:35
LH:0
BRDA:49,0,0,0
BRDA:49,0,1,0
BRDA:121,1,0,0
BRDA:121,1,1,0
BRDA:130,2,0,0
BRDA:130,2,1,0
BRDA:130,2,2,0
BRDA:136,3,0,0
BRDA:136,3,1,0
BRDA:141,4,0,0
BRDA:141,4,1,0
BRDA:154,5,0,0
BRDA:154,5,1,0
BRDA:157,6,0,0
BRDA:157,6,1,0
BRDA:164,7,0,0
BRDA:164,7,1,0
BRF:17
BRH:0
end_of_record
TN:
SF:/Users/timmushen/Sites/Sinatra/vystem/portfolio-portal/components/ldb/NotificationPlugin/Notifications.vue
FN:35,(anonymous_2)
FN:41,(anonymous_3)
FN:45,(anonymous_4)
FN:49,(anonymous_5)
FNF:4
FNH:0
FNDA:0,(anonymous_2)
FNDA:0,(anonymous_3)
FNDA:0,(anonymous_4)
FNDA:0,(anonymous_5)
DA:15,0
DA:36,0
DA:42,0
DA:46,0
DA:50,0
LF:5
LH:0
BRF:0
BRH:0
end_of_record
TN:
SF:/Users/timmushen/Sites/Sinatra/vystem/portfolio-portal/components/ldb/SidebarPlugin/SideBar.vue
FN:44,(anonymous_1)
FN:65,(anonymous_2)
FN:76,(anonymous_3)
FN:83,(anonymous_4)
FN:89,(anonymous_5)
FN:102,(anonymous_6)
FN:105,(anonymous_7)
FNF:7
FNH:0
FNDA:0,(anonymous_1)
FNDA:0,(anonymous_2)
FNDA:0,(anonymous_3)
FNDA:0,(anonymous_4)
FNDA:0,(anonymous_5)
FNDA:0,(anonymous_6)
FNDA:0,(anonymous_7)
DA:45,0
DA:55,0
DA:66,0
DA:67,0
DA:76,0
DA:84,0
DA:90,0
DA:106,0
DA:107,0
LF:9
LH:0
BRDA:106,0,0,0
BRDA:106,0,1,0
BRF:2
BRH:0
end_of_record
TN:
SF:/Users/timmushen/Sites/Sinatra/vystem/portfolio-portal/components/ldb/SidebarPlugin/SidebarItem.vue
FN:63,(anonymous_2)
FN:72,(anonymous_3)
FN:85,(anonymous_4)
FN:92,(anonymous_5)
FN:95,(anonymous_6)
FN:98,(anonymous_7)
FN:100,(anonymous_8)
FN:109,(anonymous_9)
FN:113,(anonymous_10)
FN:118,(anonymous_11)
FN:125,(anonymous_12)
FN:129,(anonymous_13)
FN:134,(anonymous_14)
FN:137,(anonymous_15)
FN:141,(anonymous_16)
FN:152,(anonymous_17)
FNF:16
FNH:0
FNDA:0,(anonymous_2)
FNDA:0,(anonymous_3)
FNDA:0,(anonymous_4)
FNDA:0,(anonymous_5)
FNDA:0,(anonymous_6)
FNDA:0,(anonymous_7)
FNDA:0,(anonymous_8)
FNDA:0,(anonymous_9)
FNDA:0,(anonymous_10)
FNDA:0,(anonymous_11)
FNDA:0,(anonymous_12)
FNDA:0,(anonymous_13)
FNDA:0,(anonymous_14)
FNDA:0,(anonymous_15)
FNDA:0,(anonymous_16)
FNDA:0,(anonymous_17)
DA:49,0
DA:64,0
DA:73,0
DA:86,0
DA:93,0
DA:96,0
DA:99,0
DA:100,0
DA:101,0
DA:102,0
DA:105,0
DA:110,0
DA:111,0
DA:114,0
DA:115,0
DA:116,0
DA:119,0
DA:120,0
DA:122,0
DA:126,0
DA:127,0
DA:130,0
DA:131,0
DA:135,0
DA:138,0
DA:142,0
DA:143,0
DA:145,0
DA:146,0
DA:148,0
DA:149,0
DA:153,0
DA:154,0
DA:156,0
DA:157,0
LF:35
LH:0
BRDA:93,0,0,0
BRDA:93,0,1,0
BRDA:96,1,0,0
BRDA:96,1,1,0
BRDA:99,2,0,0
BRDA:99,2,1,0
BRDA:99,3,0,0
BRDA:99,3,1,0
BRDA:101,4,0,0
BRDA:101,4,1,0
BRDA:118,5,0,0
BRDA:119,6,0,0
BRDA:119,6,1,0
BRDA:120,7,0,0
BRDA:120,7,1,0
BRDA:130,8,0,0
BRDA:130,8,1,0
BRDA:130,9,0,0
BRDA:130,9,1,0
BRDA:130,9,2,0
BRDA:142,10,0,0
BRDA:142,10,1,0
BRDA:145,11,0,0
BRDA:145,11,1,0
BRDA:148,12,0,0
BRDA:148,12,1,0
BRDA:148,13,0,0
BRDA:148,13,1,0
BRDA:153,14,0,0
BRDA:153,14,1,0
BRDA:153,15,0,0
BRDA:153,15,1,0
BRDA:156,16,0,0
BRDA:156,16,1,0
BRF:34
BRH:0
end_of_record
TN:
SF:/Users/timmushen/Sites/Sinatra/vystem/portfolio-portal/components/ldb/Transitions/FadeRenderTransition.vue
FN:26,(anonymous_1)
FN:29,(anonymous_2)
FN:36,(anonymous_3)
FNF:3
FNH:0
FNDA:0,(anonymous_1)
FNDA:0,(anonymous_2)
FNDA:0,(anonymous_3)
DA:27,0
DA:30,0
DA:31,0
DA:32,0
DA:33,0
DA:37,0
DA:38,0
LF:7
LH:0
BRDA:32,0,0,0
BRDA:32,0,1,0
BRF:2
BRH:0
end_of_record
TN:
SF:/Users/timmushen/Sites/Sinatra/vystem/portfolio-portal/components/portfolio/LoanTable.vue
FN:81,(anonymous_2)
FN:126,(anonymous_3)
FN:129,(anonymous_4)
FN:137,(anonymous_5)
FN:144,(anonymous_6)
FN:147,(anonymous_7)
FN:152,(anonymous_8)
FNF:7
FNH:0
FNDA:0,(anonymous_2)
FNDA:0,(anonymous_3)
FNDA:0,(anonymous_4)
FNDA:0,(anonymous_5)
FNDA:0,(anonymous_6)
FNDA:0,(anonymous_7)
FNDA:0,(anonymous_8)
DA:66,0
DA:67,0
DA:68,0
DA:82,0
DA:127,0
DA:130,0
DA:131,0
DA:132,0
DA:133,0
DA:135,0
DA:138,0
DA:139,0
DA:140,0
DA:142,0
DA:145,0
DA:148,0
DA:149,0
DA:153,0
LF:18
LH:0
BRDA:131,0,0,0
BRDA:131,0,1,0
BRDA:139,1,0,0
BRDA:139,1,1,0
BRF:4
BRH:0
end_of_record
TN:
SF:/Users/timmushen/Sites/Sinatra/vystem/portfolio-portal/pages/auth/login.vue
FN:81,(anonymous_1)
FN:90,(anonymous_2)
FN:96,(anonymous_3)
FN:98,(anonymous_4)
FNF:4
FNH:0
FNDA:0,(anonymous_1)
FNDA:0,(anonymous_2)
FNDA:0,(anonymous_3)
FNDA:0,(anonymous_4)
DA:82,0
DA:91,0
DA:97,0
DA:105,0
LF:4
LH:0
BRF:0
BRH:0
end_of_record
TN:
SF:/Users/timmushen/Sites/Sinatra/vystem/portfolio-portal/pages/auth/logout.vue
FN:7,(anonymous_1)
FNF:1
FNH:0
FNDA:0,(anonymous_1)
DA:8,0
LF:1
LH:0
BRF:0
BRH:0
end_of_record
TN:
SF:/Users/timmushen/Sites/Sinatra/vystem/portfolio-portal/pages/portfolio/index.vue
FN:46,(anonymous_2)
FN:52,(anonymous_3)
FN:72,(anonymous_4)
FN:73,(anonymous_5)
FNF:4
FNH:0
FNDA:0,(anonymous_2)
FNDA:0,(anonymous_3)
FNDA:0,(anonymous_4)
FNDA:0,(anonymous_5)
DA:40,0
DA:41,0
DA:47,0
DA:48,0
DA:49,0
DA:50,0
DA:53,0
DA:73,0
LF:8
LH:0
BRF:0
BRH:0
end_of_record
TN:
SF:/Users/timmushen/Sites/Sinatra/vystem/portfolio-portal/pages/portfolio/lines/1st.vue
FN:36,(anonymous_2)
FNF:1
FNH:0
FNDA:0,(anonymous_2)
DA:27,0
DA:28,0
DA:29,0
DA:37,0
LF:4
LH:0
BRF:0
BRH:0
end_of_record
TN:
SF:/Users/timmushen/Sites/Sinatra/vystem/portfolio-portal/pages/portfolio/lines/columbia.vue
FN:34,(anonymous_2)
FNF:1
FNH:0
FNDA:0,(anonymous_2)
DA:25,0
DA:26,0
DA:27,0
DA:35,0
LF:4
LH:0
BRF:0
BRH:0
end_of_record
TN:
SF:/Users/timmushen/Sites/Sinatra/vystem/portfolio-portal/pages/portfolio/lines/dv.vue
FN:34,(anonymous_2)
FNF:1
FNH:0
FNDA:0,(anonymous_2)
DA:25,0
DA:26,0
DA:27,0
DA:35,0
LF:4
LH:0
BRF:0
BRH:0
end_of_record
TN:
SF:/Users/timmushen/Sites/Sinatra/vystem/portfolio-portal/pages/portfolio/lines/george-osbourne.vue
FN:34,(anonymous_2)
FNF:1
FNH:0
FNDA:0,(anonymous_2)
DA:25,0
DA:26,0
DA:27,0
DA:35,0
LF:4
LH:0
BRF:0
BRH:0
end_of_record
TN:
SF:/Users/timmushen/Sites/Sinatra/vystem/portfolio-portal/pages/portfolio/lines/nw.vue
FN:36,(anonymous_2)
FNF:1
FNH:0
FNDA:0,(anonymous_2)
DA:27,0
DA:28,0
DA:29,0
DA:37,0
LF:4
LH:0
BRF:0
BRH:0
end_of_record
TN:
SF:/Users/timmushen/Sites/Sinatra/vystem/portfolio-portal/pages/portfolio/lines/vdv.vue
FN:34,(anonymous_2)
FNF:1
FNH:0
FNDA:0,(anonymous_2)
DA:25,0
DA:26,0
DA:27,0
DA:35,0
LF:4
LH:0
BRF:0
BRH:0
end_of_record
TN:
SF:/Users/timmushen/Sites/Sinatra/vystem/portfolio-portal/pages/portfolio/loans/_id.vue
FN:102,(anonymous_1)
FNF:1
FNH:0
FNDA:0,(anonymous_1)
DA:100,0
DA:103,0
LF:2
LH:0
BRF:0
BRH:0
end_of_record
TN:
SF:/Users/timmushen/Sites/Sinatra/vystem/portfolio-portal/pages/portfolio/partners/apple-equities.vue
FN:25,(anonymous_2)
FNF:1
FNH:0
FNDA:0,(anonymous_2)
DA:16,0
DA:17,0
DA:18,0
DA:26,0
LF:4
LH:0
BRF:0
BRH:0
end_of_record
TN:
SF:/Users/timmushen/Sites/Sinatra/vystem/portfolio-portal/pages/portfolio/partners/golden-qifang.vue
FN:25,(anonymous_2)
FNF:1
FNH:0
FNDA:0,(anonymous_2)
DA:16,0
DA:17,0
DA:18,0
DA:26,0
LF:4
LH:0
BRF:0
BRH:0
end_of_record
TN:
SF:/Users/timmushen/Sites/Sinatra/vystem/portfolio-portal/pages/portfolio/partners/opm.vue
FN:25,(anonymous_2)
FNF:1
FNH:0
FNDA:0,(anonymous_2)
DA:16,0
DA:17,0
DA:18,0
DA:26,0
LF:4
LH:0
BRF:0
BRH:0
end_of_record
TN:
SF:/Users/timmushen/Sites/Sinatra/vystem/portfolio-portal/pages/portfolio/partners/smith-graham.vue
FN:25,(anonymous_2)
FNF:1
FNH:0
FNDA:0,(anonymous_2)
DA:16,0
DA:17,0
DA:18,0
DA:26,0
LF:4
LH:0
BRF:0
BRH:0
end_of_record
